<?xml version="1.0" encoding="UTF-8"?>
<testsuite name="com.example.demo.JenkinsDemoApplicationTests" tests="1" skipped="0" failures="0" errors="0" timestamp="2024-02-22T11:52:19" hostname="DESKTOP-LM37NOQ" time="0.553">
  <properties/>
  <testcase name="contextLoads()" classname="com.example.demo.JenkinsDemoApplicationTests" time="0.553"/>
  <system-out><![CDATA[17:22:18.064 [Test worker] INFO org.springframework.test.context.support.AnnotationConfigContextLoaderUtils -- Could not detect default configuration classes for test class [com.example.demo.JenkinsDemoApplicationTests]: JenkinsDemoApplicationTests does not declare any static, non-private, non-final, nested classes annotated with @Configuration.
17:22:18.164 [Test worker] INFO org.springframework.boot.test.context.SpringBootTestContextBootstrapper -- Found @SpringBootConfiguration com.example.demo.JenkinsDemoApplication for test class com.example.demo.JenkinsDemoApplicationTests

  .   ____          _            __ _ _
 /\\ / ___'_ __ _ _(_)_ __  __ _ \ \ \ \
( ( )\___ | '_ | '_| | '_ \/ _` | \ \ \ \
 \\/  ___)| |_)| | | | | || (_| |  ) ) ) )
  '  |____| .__|_| |_|_| |_\__, | / / / /
 =========|_|==============|___/=/_/_/_/
 :: Spring Boot ::                (v3.2.2)

2024-02-22T17:22:18.465+05:30  INFO 9400 --- [    Test worker] c.e.demo.JenkinsDemoApplicationTests     : Starting JenkinsDemoApplicationTests using Java 17.0.10 with PID 9400 (started by Admin in C:\Users\Admin\OneDrive\Documents\Avisys CRM\jenkins-repo\jenkinsDemo)
2024-02-22T17:22:18.481+05:30  INFO 9400 --- [    Test worker] c.e.demo.JenkinsDemoApplicationTests     : No active profile set, falling back to 1 default profile: "default"
2024-02-22T17:22:19.351+05:30  INFO 9400 --- [    Test worker] c.e.demo.JenkinsDemoApplicationTests     : Started JenkinsDemoApplicationTests in 1.055 seconds (process running for 1.975)
]]></system-out>
  <system-err><![CDATA[]]></system-err>
</testsuite>
